[    0.000000] Linux version 4.15.0-88-generic (buildd@lgw01-amd64-036) (gcc version 7.4.0 (Ubuntu 7.4.0-1ubuntu1~18.04.1)) #88-Ubuntu SMP Tue Feb 11 20:11:34 UTC 2020 (Ubuntu 4.15.0-88.88-generic 4.15.18)
[    0.000000] Command line: BOOT_IMAGE=/boot/vmlinuz-4.15.0-88-generic root=UUID=aac03293-c0ac-4bf0-a829-be8d31d9d5f4 ro console=tty1 console=ttyS0
[    0.000000] KERNEL supported cpus:
[    0.000000]   Intel GenuineIntel
[    0.000000]   AMD AuthenticAMD
[    0.000000]   Centaur CentaurHauls
[    0.000000] x86/fpu: Supporting XSAVE feature 0x001: 'x87 floating point registers'
[    0.000000] x86/fpu: Supporting XSAVE feature 0x002: 'SSE registers'
[    0.000000] x86/fpu: Supporting XSAVE feature 0x004: 'AVX registers'
[    0.000000] x86/fpu: xstate_offset[2]:  576, xstate_sizes[2]:  256
[    0.000000] x86/fpu: Enabled xstate features 0x7, context size is 832 bytes, using 'standard' format.
[    0.000000] e820: BIOS-provided physical RAM map:
[    0.000000] BIOS-e820: [mem 0x0000000000000000-0x000000000009fbff] usable
[    0.000000] BIOS-e820: [mem 0x000000000009fc00-0x000000000009ffff] reserved
[    0.000000] BIOS-e820: [mem 0x00000000000f0000-0x00000000000fffff] reserved
[    0.000000] BIOS-e820: [mem 0x0000000000100000-0x000000003ffeffff] usable
[    0.000000] BIOS-e820: [mem 0x000000003fff0000-0x000000003fffffff] ACPI data
[    0.000000] BIOS-e820: [mem 0x00000000fec00000-0x00000000fec00fff] reserved
[    0.000000] BIOS-e820: [mem 0x00000000fee00000-0x00000000fee00fff] reserved
[    0.000000] BIOS-e820: [mem 0x00000000fffc0000-0x00000000ffffffff] reserved
[    0.000000] NX (Execute Disable) protection: active
[    0.000000] SMBIOS 2.5 present.
[    0.000000] DMI: innotek GmbH VirtualBox/VirtualBox, BIOS VirtualBox 12/01/2006
[    0.000000] Hypervisor detected: KVM
[    0.000000] e820: last_pfn = 0x3fff0 max_arch_pfn = 0x400000000
[    0.000000] MTRR: Disabled
[    0.000000] x86/PAT: MTRRs disabled, skipping PAT initialization too.
[    0.000000] CPU MTRRs all blank - virtualized system.
[    0.000000] x86/PAT: Configuration [0-7]: WB  WT  UC- UC  WB  WT  UC- UC  
[    0.000000] found SMP MP-table at [mem 0x0009fff0-0x0009ffff]
[    0.000000] Scanning 1 areas for low memory corruption
[    0.000000] RAMDISK: [mem 0x35967000-0x36caafff]
[    0.000000] ACPI: Early table checksum verification disabled
[    0.000000] ACPI: RSDP 0x00000000000E0000 000024 (v02 VBOX  )
[    0.000000] ACPI: XSDT 0x000000003FFF0030 00003C (v01 VBOX   VBOXXSDT 00000001 ASL  00000061)
[    0.000000] ACPI: FACP 0x000000003FFF00F0 0000F4 (v04 VBOX   VBOXFACP 00000001 ASL  00000061)
[    0.000000] ACPI: DSDT 0x000000003FFF0470 0022EA (v02 VBOX   VBOXBIOS 00000002 INTL 20100528)
[    0.000000] ACPI: FACS 0x000000003FFF0200 000040
[    0.000000] ACPI: FACS 0x000000003FFF0200 000040
[    0.000000] ACPI: APIC 0x000000003FFF0240 00005C (v02 VBOX   VBOXAPIC 00000001 ASL  00000061)
[    0.000000] ACPI: SSDT 0x000000003FFF02A0 0001CC (v01 VBOX   VBOXCPUT 00000002 INTL 20100528)
[    0.000000] No NUMA configuration found
[    0.000000] Faking a node at [mem 0x0000000000000000-0x000000003ffeffff]
[    0.000000] NODE_DATA(0) allocated [mem 0x3ffc5000-0x3ffeffff]
[    0.000000] kvm-clock: cpu 0, msr 0:3ff44001, primary cpu clock
[    0.000000] kvm-clock: Using msrs 4b564d01 and 4b564d00
[    0.000000] kvm-clock: using sched offset of 4392391654 cycles
[    0.000000] clocksource: kvm-clock: mask: 0xffffffffffffffff max_cycles: 0x1cd42e4dffb, max_idle_ns: 881590591483 ns
[    0.000000] Zone ranges:
[    0.000000]   DMA      [mem 0x0000000000001000-0x0000000000ffffff]
[    0.000000]   DMA32    [mem 0x0000000001000000-0x000000003ffeffff]
[    0.000000]   Normal   empty
[    0.000000]   Device   empty
[    0.000000] Movable zone start for each node
[    0.000000] Early memory node ranges
[    0.000000]   node   0: [mem 0x0000000000001000-0x000000000009efff]
[    0.000000]   node   0: [mem 0x0000000000100000-0x000000003ffeffff]
[    0.000000] Reserved but unavailable: 98 pages
[    0.000000] Initmem setup node 0 [mem 0x0000000000001000-0x000000003ffeffff]
[    0.000000] ACPI: PM-Timer IO Port: 0x4008
[    0.000000] IOAPIC[0]: apic_id 2, version 32, address 0xfec00000, GSI 0-23
[    0.000000] ACPI: INT_SRC_OVR (bus 0 bus_irq 0 global_irq 2 dfl dfl)
[    0.000000] ACPI: INT_SRC_OVR (bus 0 bus_irq 9 global_irq 9 low level)
[    0.000000] Using ACPI (MADT) for SMP configuration information
[    0.000000] smpboot: Allowing 2 CPUs, 0 hotplug CPUs
[    0.000000] PM: Registered nosave memory: [mem 0x00000000-0x00000fff]
[    0.000000] PM: Registered nosave memory: [mem 0x0009f000-0x0009ffff]
[    0.000000] PM: Registered nosave memory: [mem 0x000a0000-0x000effff]
[    0.000000] PM: Registered nosave memory: [mem 0x000f0000-0x000fffff]
[    0.000000] e820: [mem 0x40000000-0xfebfffff] available for PCI devices
[    0.000000] Booting paravirtualized kernel on KVM
[    0.000000] clocksource: refined-jiffies: mask: 0xffffffff max_cycles: 0xffffffff, max_idle_ns: 7645519600211568 ns
[    0.000000] random: get_random_bytes called from start_kernel+0x99/0x4fd with crng_init=0
[    0.000000] setup_percpu: NR_CPUS:8192 nr_cpumask_bits:2 nr_cpu_ids:2 nr_node_ids:1
[    0.000000] percpu: Embedded 45 pages/cpu s147456 r8192 d28672 u1048576
[    0.000000] PV qspinlock hash table entries: 256 (order: 0, 4096 bytes)
[    0.000000] Built 1 zonelists, mobility grouping on.  Total pages: 257913
[    0.000000] Policy zone: DMA32
[    0.000000] Kernel command line: BOOT_IMAGE=/boot/vmlinuz-4.15.0-88-generic root=UUID=aac03293-c0ac-4bf0-a829-be8d31d9d5f4 ro console=tty1 console=ttyS0
[    0.000000] Memory: 982544K/1048120K available (12300K kernel code, 2481K rwdata, 4264K rodata, 2428K init, 2712K bss, 65576K reserved, 0K cma-reserved)
[    0.000000] SLUB: HWalign=64, Order=0-3, MinObjects=0, CPUs=2, Nodes=1
[    0.000000] Kernel/User page tables isolation: enabled
[    0.000000] ftrace: allocating 39344 entries in 154 pages
[    0.004000] Hierarchical RCU implementation.
[    0.004000] 	RCU restricting CPUs from NR_CPUS=8192 to nr_cpu_ids=2.
[    0.004000] 	Tasks RCU enabled.
[    0.004000] RCU: Adjusting geometry for rcu_fanout_leaf=16, nr_cpu_ids=2
[    0.004000] NR_IRQS: 524544, nr_irqs: 440, preallocated irqs: 16
[    0.004000] Console: colour VGA+ 80x25
[    0.004000] console [tty1] enabled
[    0.004000] console [ttyS0] enabled
[    0.004000] ACPI: Core revision 20170831
[    0.004000] ACPI: 2 ACPI AML tables successfully acquired and loaded
[    0.004000] APIC: Switch to symmetric I/O mode setup
[    0.004000] x2apic enabled
[    0.004000] Switched APIC routing to physical x2apic.
[    0.004000] ..TIMER: vector=0x30 apic1=0 pin1=2 apic2=-1 pin2=-1
[    0.004004] tsc: Detected 2303.998 MHz processor
[    0.005058] Calibrating delay loop (skipped) preset value.. 4607.99 BogoMIPS (lpj=9215992)
[    0.008003] pid_max: default: 32768 minimum: 301
[    0.009271] Security Framework initialized
[    0.010023] Yama: becoming mindful.
[    0.010744] AppArmor: AppArmor initialized
[    0.013457] Dentry cache hash table entries: 131072 (order: 8, 1048576 bytes)
[    0.016081] Inode-cache hash table entries: 65536 (order: 7, 524288 bytes)
[    0.017588] Mount-cache hash table entries: 2048 (order: 2, 16384 bytes)
[    0.020006] Mountpoint-cache hash table entries: 2048 (order: 2, 16384 bytes)
[    0.021881] Last level iTLB entries: 4KB 64, 2MB 8, 4MB 8
[    0.023327] Last level dTLB entries: 4KB 64, 2MB 0, 4MB 0, 1GB 4
[    0.024003] Spectre V1 : Mitigation: usercopy/swapgs barriers and __user pointer sanitization
[    0.026394] Spectre V2 : Mitigation: Full generic retpoline
[    0.028001] Spectre V2 : Spectre v2 / SpectreRSB mitigation: Filling RSB on context switch
[    0.029910] Speculative Store Bypass: Vulnerable
[    0.030950] MDS: Mitigation: Clear CPU buffers
[    0.032157] Freeing SMP alternatives memory: 36K
[    0.144682] smpboot: CPU0: Intel(R) Core(TM) i5-7360U CPU @ 2.30GHz (family: 0x6, model: 0x8e, stepping: 0x9)
[    0.147066] Performance Events: unsupported p6 CPU model 142 no PMU driver, software events only.
[    0.148000] Hierarchical SRCU implementation.
[    0.148566] NMI watchdog: Perf event create on CPU 0 failed with -2
[    0.149951] NMI watchdog: Perf NMI watchdog permanently disabled
[    0.151412] smp: Bringing up secondary CPUs ...
[    0.152073] x86: Booting SMP configuration:
[    0.153124] .... node  #0, CPUs:      #1
[    0.004000] kvm-clock: cpu 1, msr 0:3ff44041, secondary cpu clock
[    0.158597] smp: Brought up 1 node, 2 CPUs
[    0.158597] smpboot: Max logical packages: 1
[    0.160006] smpboot: Total of 2 processors activated (9215.99 BogoMIPS)
[    0.161730] devtmpfs: initialized
[    0.164049] x86/mm: Memory block size: 128MB
[    0.164976] evm: security.selinux
[    0.165591] evm: security.SMACK64
[    0.166201] evm: security.SMACK64EXEC
[    0.166912] evm: security.SMACK64TRANSMUTE
[    0.167663] evm: security.SMACK64MMAP
[    0.168004] evm: security.apparmor
[    0.168627] evm: security.ima
[    0.169183] evm: security.capability
[    0.169940] clocksource: jiffies: mask: 0xffffffff max_cycles: 0xffffffff, max_idle_ns: 7645041785100000 ns
[    0.172009] futex hash table entries: 512 (order: 3, 32768 bytes)
[    0.174828] pinctrl core: initialized pinctrl subsystem
[    0.176101] RTC time:  7:09:09, date: 04/13/20
[    0.180270] NET: Registered protocol family 16
[    0.181517] audit: initializing netlink subsys (disabled)
[    0.182589] audit: type=2000 audit(1586761755.616:1): state=initialized audit_enabled=0 res=1
[    0.184013] cpuidle: using governor ladder
[    0.184970] cpuidle: using governor menu
[    0.186193] ACPI: bus type PCI registered
[    0.188003] acpiphp: ACPI Hot Plug PCI Controller Driver version: 0.5
[    0.189664] PCI: Using configuration type 1 for base access
[    0.192038] HugeTLB registered 2.00 MiB page size, pre-allocated 0 pages
[    0.193749] ACPI: Added _OSI(Module Device)
[    0.196008] ACPI: Added _OSI(Processor Device)
[    0.196823] ACPI: Added _OSI(3.0 _SCP Extensions)
[    0.198006] ACPI: Added _OSI(Processor Aggregator Device)
[    0.200011] ACPI: Added _OSI(Linux-Dell-Video)
[    0.202065] ACPI: Added _OSI(Linux-Lenovo-NV-HDMI-Audio)
[    0.203425] ACPI: Added _OSI(Linux-HPI-Hybrid-Graphics)
[    0.204342] ACPI: Executed 1 blocks of module-level executable AML code
[    0.210556] ACPI: Interpreter enabled
[    0.211375] ACPI: (supports S0 S5)
[    0.212000] ACPI: Using IOAPIC for interrupt routing
[    0.212221] PCI: Using host bridge windows from ACPI; if necessary, use "pci=nocrs" and report a bug
[    0.214523] ACPI: Enabled 2 GPEs in block 00 to 07
[    0.222314] ACPI: PCI Root Bridge [PCI0] (domain 0000 [bus 00-ff])
[    0.224010] acpi PNP0A03:00: _OSC: OS supports [ASPM ClockPM Segments MSI]
[    0.226034] acpi PNP0A03:00: _OSC: not requesting OS control; OS requires [ExtendedConfig ASPM ClockPM MSI]
[    0.228011] acpi PNP0A03:00: fail to add MMCONFIG information, can't access extended PCI configuration space under this bridge.
[    0.230626] PCI host bridge to bus 0000:00
[    0.232005] pci_bus 0000:00: root bus resource [io  0x0000-0x0cf7 window]
[    0.233473] pci_bus 0000:00: root bus resource [io  0x0d00-0xffff window]
[    0.235005] pci_bus 0000:00: root bus resource [mem 0x000a0000-0x000bffff window]
[    0.236004] pci_bus 0000:00: root bus resource [mem 0x40000000-0xfdffffff window]
[    0.237494] pci_bus 0000:00: root bus resource [bus 00-ff]
[    0.242432] pci 0000:00:01.1: legacy IDE quirk: reg 0x10: [io  0x01f0-0x01f7]
[    0.244005] pci 0000:00:01.1: legacy IDE quirk: reg 0x14: [io  0x03f6]
[    0.245332] pci 0000:00:01.1: legacy IDE quirk: reg 0x18: [io  0x0170-0x0177]
[    0.248002] pci 0000:00:01.1: legacy IDE quirk: reg 0x1c: [io  0x0376]
[    0.264862] pci 0000:00:07.0: quirk: [io  0x4000-0x403f] claimed by PIIX4 ACPI
[    0.266310] pci 0000:00:07.0: quirk: [io  0x4100-0x410f] claimed by PIIX4 SMB
[    0.277822] ACPI: PCI Interrupt Link [LNKA] (IRQs 5 9 10 *11)
[    0.279306] ACPI: PCI Interrupt Link [LNKB] (IRQs 5 9 *10 11)
[    0.280173] ACPI: PCI Interrupt Link [LNKC] (IRQs 5 *9 10 11)
[    0.281643] ACPI: PCI Interrupt Link [LNKD] (IRQs 5 9 10 *11)
[    0.284183] SCSI subsystem initialized
[    0.285405] pci 0000:00:02.0: vgaarb: setting as boot VGA device
[    0.285405] pci 0000:00:02.0: vgaarb: VGA device added: decodes=io+mem,owns=io+mem,locks=none
[    0.288006] pci 0000:00:02.0: vgaarb: bridge control possible
[    0.289008] vgaarb: loaded
[    0.289605] ACPI: bus type USB registered
[    0.290401] usbcore: registered new interface driver usbfs
[    0.292014] usbcore: registered new interface driver hub
[    0.293368] usbcore: registered new device driver usb
[    0.294663] EDAC MC: Ver: 3.0.0
[    0.296256] PCI: Using ACPI for IRQ routing
[    0.297551] NetLabel: Initializing
[    0.298303] NetLabel:  domain hash size = 128
[    0.299383] NetLabel:  protocols = UNLABELED CIPSOv4 CALIPSO
[    0.300019] NetLabel:  unlabeled traffic allowed by default
[    0.301247] clocksource: Switched to clocksource kvm-clock
[    0.313891] VFS: Disk quotas dquot_6.6.0
[    0.315051] VFS: Dquot-cache hash table entries: 512 (order 0, 4096 bytes)
[    0.316877] AppArmor: AppArmor Filesystem Enabled
[    0.317910] pnp: PnP ACPI init
[    0.319899] pnp: PnP ACPI: found 3 devices
[    0.330153] clocksource: acpi_pm: mask: 0xffffff max_cycles: 0xffffff, max_idle_ns: 2085701024 ns
[    0.332388] NET: Registered protocol family 2
[    0.333516] TCP established hash table entries: 8192 (order: 4, 65536 bytes)
[    0.335045] TCP bind hash table entries: 8192 (order: 5, 131072 bytes)
[    0.338100] TCP: Hash tables configured (established 8192 bind 8192)
[    0.339970] UDP hash table entries: 512 (order: 2, 16384 bytes)
[    0.341428] UDP-Lite hash table entries: 512 (order: 2, 16384 bytes)
[    0.342904] NET: Registered protocol family 1
[    0.343709] pci 0000:00:00.0: Limiting direct PCI/PCI transfers
[    0.344826] pci 0000:00:01.0: Activating ISA DMA hang workarounds
[    0.346351] pci 0000:00:02.0: Video device with shadowed ROM at [mem 0x000c0000-0x000dffff]
[    0.348340] Unpacking initramfs...
[    0.628484] Freeing initrd memory: 19728K
[    0.629677] clocksource: tsc: mask: 0xffffffffffffffff max_cycles: 0x2135f5e6f15, max_idle_ns: 440795231538 ns
[    0.632095] platform rtc_cmos: registered platform RTC device (no PNP device found)
[    0.633505] Scanning for low memory corruption every 60 seconds
[    0.635368] Initialise system trusted keyrings
[    0.636333] Key type blacklist registered
[    0.637156] workingset: timestamp_bits=36 max_order=18 bucket_order=0
[    0.639528] zbud: loaded
[    0.640902] squashfs: version 4.0 (2009/01/31) Phillip Lougher
[    0.642489] fuse init (API version 7.26)
[    0.647282] Key type asymmetric registered
[    0.648193] Asymmetric key parser 'x509' registered
[    0.649187] Block layer SCSI generic (bsg) driver version 0.4 loaded (major 246)
[    0.650850] io scheduler noop registered
[    0.651799] io scheduler deadline registered
[    0.653002] io scheduler cfq registered (default)
[    0.654625] ACPI: AC Adapter [AC] (off-line)
[    0.655475] input: Power Button as /devices/LNXSYSTM:00/LNXPWRBN:00/input/input0
[    0.657335] ACPI: Power Button [PWRF]
[    0.658404] input: Sleep Button as /devices/LNXSYSTM:00/LNXSLPBN:00/input/input1
[    0.660065] ACPI: Sleep Button [SLPF]
[    0.662288] ACPI: Battery Slot [BAT0] (battery present)
[    0.664387] Serial: 8250/16550 driver, 32 ports, IRQ sharing enabled
[    0.686135] 00:02: ttyS0 at I/O 0x3f8 (irq = 4, base_baud = 115200) is a 16550A
[    0.689322] Linux agpgart interface v0.103
[    0.693538] loop: module loaded
[    0.695804] scsi host0: ata_piix
[    0.696751] scsi host1: ata_piix
[    0.697412] ata1: PATA max UDMA/33 cmd 0x1f0 ctl 0x3f6 bmdma 0xd000 irq 14
[    0.698629] ata2: PATA max UDMA/33 cmd 0x170 ctl 0x376 bmdma 0xd008 irq 15
[    0.700509] libphy: Fixed MDIO Bus: probed
[    0.701489] tun: Universal TUN/TAP device driver, 1.6
[    0.702627] PPP generic driver version 2.4.2
[    0.703675] ehci_hcd: USB 2.0 'Enhanced' Host Controller (EHCI) Driver
[    0.705192] ehci-pci: EHCI PCI platform driver
[    0.707036] ehci-platform: EHCI generic platform driver
[    0.708200] ohci_hcd: USB 1.1 'Open' Host Controller (OHCI) Driver
[    0.709562] ohci-pci: OHCI PCI platform driver
[    0.710543] ohci-platform: OHCI generic platform driver
[    0.711713] uhci_hcd: USB Universal Host Controller Interface driver
[    0.713481] i8042: PNP: PS/2 Controller [PNP0303:PS2K,PNP0f03:PS2M] at 0x60,0x64 irq 1,12
[    0.715845] serio: i8042 KBD port at 0x60,0x64 irq 1
[    0.717373] serio: i8042 AUX port at 0x60,0x64 irq 12
[    0.719140] mousedev: PS/2 mouse device common for all mice
[    0.721570] input: AT Translated Set 2 keyboard as /devices/platform/i8042/serio0/input/input2
[    0.724634] rtc_cmos rtc_cmos: rtc core: registered rtc_cmos as rtc0
[    0.727104] rtc_cmos rtc_cmos: alarms up to one day, 114 bytes nvram
[    0.729177] i2c /dev entries driver
[    0.730249] device-mapper: uevent: version 1.0.3
[    0.731588] device-mapper: ioctl: 4.37.0-ioctl (2017-09-20) initialised: dm-devel@redhat.com
[    0.734003] ledtrig-cpu: registered to indicate activity on CPUs
[    0.736269] NET: Registered protocol family 10
[    0.741890] Segment Routing with IPv6
[    0.742905] NET: Registered protocol family 17
[    0.744449] Key type dns_resolver registered
[    0.745912] mce: Using 0 MCE banks
[    0.746912] RAS: Correctable Errors collector initialized.
[    0.748449] sched_clock: Marking stable (748422393, 0)->(973049137, -224626744)
[    0.751024] registered taskstats version 1
[    0.752123] Loading compiled-in X.509 certificates
[    0.756156] Loaded X.509 cert 'Build time autogenerated kernel key: f0020782f0d3a548186fb3f47aed88387a71e859'
[    0.758497] zswap: loaded using pool lzo/zbud
[    0.763923] Key type big_key registered
[    0.765050] Key type trusted registered
[    0.768133] Key type encrypted registered
[    0.769417] AppArmor: AppArmor sha1 policy hashing enabled
[    0.770744] ima: No TPM chip found, activating TPM-bypass! (rc=-19)
[    0.772412] ima: Allocated hash algorithm: sha1
[    0.773593] evm: HMAC attrs: 0x1
[    0.774978]   Magic number: 0:321:167
[    0.776023] acpi PNP0000:00: hash matches
[    0.777374] rtc_cmos rtc_cmos: setting system clock to 2020-04-13 07:09:10 UTC (1586761750)
[    0.779889] BIOS EDD facility v0.16 2004-Jun-25, 0 devices found
[    0.781439] EDD information not available.
[    0.868023] Freeing unused kernel image memory: 2428K
[    0.880165] Write protecting the kernel read-only data: 20480k
[    0.883711] Freeing unused kernel image memory: 2008K
[    0.886102] Freeing unused kernel image memory: 1880K
[    0.895870] x86/mm: Checked W+X mappings: passed, no W+X pages found.
[    0.897711] x86/mm: Checking user space page tables
[    0.904547] x86/mm: Checked W+X mappings: passed, no W+X pages found.
Loading, please wait...
starting version 237
[    0.979312] e1000: Intel(R) PRO/1000 Network Driver - version 7.3.21-k8-NAPI
[    0.981452] e1000: Copyright (c) 1999-2006 Intel Corporation.
[    0.992443] Fusion MPT base driver 3.04.20
[    0.993678] Copyright (c) 1999-2008 LSI Corporation
[    1.011866] Fusion MPT SPI Host driver 3.04.20
[    1.013366] AVX2 version of gcm_enc/dec engaged.
[    1.014874] AES CTR mode by8 optimization enabled
[    1.211584] input: ImExPS/2 Generic Explorer Mouse as /devices/platform/i8042/serio1/input/input4
[    1.421653] e1000 0000:00:03.0 eth0: (PCI:33MHz:32-bit) 02:b7:1f:33:e9:24
[    1.423186] e1000 0000:00:03.0 eth0: Intel(R) PRO/1000 Network Connection
[    1.865963] e1000 0000:00:08.0 eth1: (PCI:33MHz:32-bit) 08:00:27:48:b5:0e
[    1.868557] e1000 0000:00:08.0 eth1: Intel(R) PRO/1000 Network Connection
[    1.871797] e1000 0000:00:03.0 enp0s3: renamed from eth0
[    1.873508] mptbase: ioc0: Initiating bringup
[    1.892923] e1000 0000:00:08.0 enp0s8: renamed from eth1
[    1.968343] ioc0: LSI53C1030 A0: Capabilities={Initiator}
[    2.211495] scsi host2: ioc0: LSI53C1030 A0, FwRev=00000000h, Ports=1, MaxQ=256, IRQ=20
[    2.381361] scsi 2:0:0:0: Direct-Access     VBOX     HARDDISK         1.0  PQ: 0 ANSI: 5
[    2.416415] scsi target2:0:0: Beginning Domain Validation
[    2.423152] scsi target2:0:0: Domain Validation skipping write tests
[    2.425779] scsi target2:0:0: Ending Domain Validation
[    2.428135] scsi target2:0:0: asynchronous
[    2.430381] scsi 2:0:1:0: Direct-Access     VBOX     HARDDISK         1.0  PQ: 0 ANSI: 5
[    2.464359] scsi target2:0:1: Beginning Domain Validation
[    2.468662] random: fast init done
[    2.470401] scsi target2:0:1: Domain Validation skipping write tests
[    2.471538] scsi target2:0:1: Ending Domain Validation
[    2.472581] scsi target2:0:1: asynchronous
[    2.478700] sd 2:0:0:0: Attached scsi generic sg0 type 0
[    2.478791] random: systemd-udevd: uninitialized urandom read (16 bytes read)
[    2.481921] random: systemd-udevd: uninitialized urandom read (16 bytes read)
[    2.483518] sd 2:0:0:0: [sda] 20971520 512-byte logical blocks: (10.7 GB/10.0 GiB)
[    2.483567] sd 2:0:1:0: Attached scsi generic sg1 type 0
[    2.485544] random: systemd-udevd: uninitialized urandom read (16 bytes read)
[    2.488594] sd 2:0:0:0: [sda] Write Protect is off
[    2.489832] sd 2:0:1:0: [sdb] 20480 512-byte logical blocks: (10.5 MB/10.0 MiB)
[    2.491566] sd 2:0:0:0: [sda] Incomplete mode parameter data
[    2.493246] sd 2:0:0:0: [sda] Assuming drive cache: write through
[    2.493279] sd 2:0:1:0: [sdb] Write Protect is off
[    2.496064]  sda: sda1
[    2.497441] sd 2:0:1:0: [sdb] Incomplete mode parameter data
[    2.497831] sd 2:0:0:0: [sda] Attached SCSI disk
[    2.498821] sd 2:0:1:0: [sdb] Assuming drive cache: write through
[    2.504455] sd 2:0:1:0: [sdb] Attached SCSI disk
Begin: Loading essential drivers ... [    4.024569] raid6: sse2x1   gen()  8272 MB/s
[    4.072139] raid6: sse2x1   xor()  5734 MB/s
[    4.120217] raid6: sse2x2   gen() 12163 MB/s
[    4.168343] raid6: sse2x2   xor()  7846 MB/s
[    4.216810] raid6: sse2x4   gen() 12698 MB/s
[    4.265296] raid6: sse2x4   xor()  8894 MB/s
[    4.312353] raid6: avx2x1   gen() 17846 MB/s
[    4.362794] raid6: avx2x1   xor() 13730 MB/s
[    4.408557] raid6: avx2x2   gen() 21496 MB/s
[    4.456095] raid6: avx2x2   xor() 11605 MB/s
[    4.504089] raid6: avx2x4   gen() 20604 MB/s
[    4.552237] raid6: avx2x4   xor()  9887 MB/s
[    4.553820] raid6: using algorithm avx2x2 gen() 21496 MB/s
[    4.554806] raid6: .... xor() 11605 MB/s, rmw enabled
[    4.555696] raid6: using avx2x2 recovery algorithm
[    4.557766] xor: automatically using best checksumming function   avx       
[    4.560276] async_tx: api initialized (async)
done.
Begin: Running /scripts/init-premount ... done.
Begin: Mounting root file system ... Begin: Running /scripts/local-top ... done.
Begin: Running /scripts/local-premount ... [    4.609987] Btrfs loaded, crc32c=crc32c-intel
Scanning for Btrfs filesystems
done.
Warning: fsck not present, so skipping root file system
[    4.642809] EXT4-fs (sda1): mounted filesystem with ordered data mode. Opts: (null)
done.
Begin: Running /scripts/local-bottom ... done.
Begin: Running /scripts/init-bottom ... done.
[    4.841901] ip_tables: (C) 2000-2006 Netfilter Core Team
[    4.855818] systemd[1]: systemd 237 running in system mode. (+PAM +AUDIT +SELINUX +IMA +APPARMOR +SMACK +SYSVINIT +UTMP +LIBCRYPTSETUP +GCRYPT +GNUTLS +ACL +XZ +LZ4 +SECCOMP +BLKID +ELFUTILS +KMOD -IDN2 +IDN -PCRE2 default-hierarchy=hybrid)
[    4.859470] systemd[1]: Detected virtualization oracle.
[    4.860490] systemd[1]: Detected architecture x86-64.

Welcome to [1mUbuntu 18.04.3 LTS[0m!

[    4.867853] systemd[1]: Set hostname to <ubuntu-bionic>.
[    5.149638] systemd[1]: Set up automount Arbitrary Executable File Formats File System Automount Point.
[[0;32m  OK  [0m] Set up automount Arbitrary Executab…rmats File System Automount Point.
[    5.154111] systemd[1]: Reached target Swap.
[[0;32m  OK  [0m] Reached target Swap.
[    5.155762] systemd[1]: Started Forward Password Requests to Wall Directory Watch.
[[0;32m  OK  [0m] Started Forward Password Requests to Wall Directory Watch.
[    5.158828] systemd[1]: Reached target System Time Synchronized.
[[0;32m  OK  [0m] Reached target System Time Synchronized.
[    5.162417] systemd[1]: Created slice User and Session Slice.
[[0;32m  OK  [0m] Created slice User and Session Slice.
[    5.164682] systemd[1]: Created slice System Slice.
[[0;32m  OK  [0m] Created slice System Slice.
[[0;32m  OK  [0m] Listening on Network Service Netlink Socket.
[[0;32m  OK  [0m] Listening on Syslog Socket.
[[0;32m  OK  [0m] Created slice system-serial\x2dgetty.slice.
[[0;32m  OK  [0m] Listening on Journal Audit Socket.
[[0;32m  OK  [0m] Listening on Device-mapper event daemon FIFOs.
[[0;32m  OK  [0m] Listening on udev Kernel Socket.
[[0;32m  OK  [0m] Listening on Journal Socket.
         Starting Remount Root and Kernel File Systems...
         Mounting POSIX Message Queue File System...
[    5.202280] EXT4-fs (sda1): re-mounted. Opts: (null)
         Mounting Huge Pages File System...
         Mounting Kernel Debug File System...
         Starting Set the console keyboard layout...
[[0;32m  OK  [0m] Reached target Slices.
         Starting Create list of required st…ce nodes for the current kernel...
[[0;32m  OK  [0m] Listening on udev Control Socket.
         Starting udev Coldplug all Devices...
[[0;32m  OK  [0m] Listening on LVM2 metadata daemon socket.
         Starting Monitoring of LVM2 mirrors…ng dmeventd or progress polling...
[[0;32m  OK  [0m] Listening on LVM2 poll daemon socket.
[[0;32m  OK  [0m] Reached target User and Group Name Lookups.
         Starting Uncomplicated firewall...
         Starting Load Kernel Modules...
[[0;32m  OK  [0m] Listening on Journal Socket (/dev/log).
         Starting Journal Service...
[[0;32m  OK  [0m] Listening on /dev/initctl Compatibility Named Pipe.
[[0;32m  OK  [0m] Started Remount Root and Kernel File Systems.
[[0;32m  OK  [0m] Mounted POSIX Message Queue File System.
[[0;32m  OK  [0m] Mounted Huge Pages File System.
[[0;32m  OK  [0m] Mounted Kernel Debug File System.
[[0;32m  OK  [0m] Started Create list of required sta…vice nodes for the current kernel.
[[0;32m  OK  [0m] Started Uncomplicated firewall.
         Starting Create Static Device Nodes in /dev...
         Starting Load/Save Random Seed...
[    5.311270] Loading iSCSI transport class v2.0-870.
[    5.319706] iscsi: registered transport (tcp)
[[0;32m  OK  [0m] Started Journal Service.
[[0;32m  OK  [0m] Started udev Coldplug all Devices.
[[0;32m  OK  [0m] Started Create Static Device Nodes in /dev.
[[0;32m  OK  [0m] Started LVM2 metadata daemon.
         Starting udev Kernel Device Manager...
         Starting Flush Journal to Persistent Storage...
[[0;32m  OK  [0m] Started Load/Save Random Seed.
[    5.397595] iscsi: registered transport (iser)
[[0;32m  OK  [0m] Started Load Kernel Modules.
         Mounting Kernel Configuration File System...
         Mounting FUSE Control File System...
         Starting Apply Kernel Variables...
[[0;32m  OK  [0m] Mounted FUSE Control File System.
[[0;32m  OK  [0m] Mounted Kernel Configuration File System.
[    5.415495] systemd-journald[420]: Received request to flush runtime journal from PID 1
[[0;32m  OK  [0m] Started Set the console keyboard layout.
[[0;32m  OK  [0m] Started udev Kernel Device Manager.
[[0;32m  OK  [0m] Started Dispatch Password Requests to Console Directory Watch.
[[0;32m  OK  [0m] Reached target Local Encrypted Volumes.
[[0;32m  OK  [0m] Started Monitoring of LVM2 mirrors,…sing dmeventd or progress polling.
[[0;32m  OK  [0m] Reached target Local File Systems (Pre).
[[0;32m  OK  [0m] Reached target Local File Systems.
         Starting Tell Plymouth To Write Out Runtime Data...
         Starting Set console font and keymap...
         Starting ebtables ruleset management...
         Starting AppArmor initialization...
[[0;32m  OK  [0m] Started Apply Kernel Variables.
[[0;32m  OK  [0m] Started Tell Plymouth To Write Out Runtime Data.
[[0;32m  OK  [0m] Started Set console font and keymap.
[[0;32m  OK  [0m] Started Flush Journal to Persistent Storage.
         Starting Create Volatile Files and Directories...
[[0;32m  OK  [0m] Started Create Volatile Files and Directories.
         Starting Update UTMP about System Boot/Shutdown...
[[0;32m  OK  [0m] Started ebtables ruleset management.
[[0;32m  OK  [0m] Started Update UTMP about System Boot/Shutdown.
[[0;32m  OK  [0m] Found device /dev/ttyS0.
[[0;32m  OK  [0m] Listening on Load/Save RF Kill Switch Status /dev/rfkill Watch.
[[0;32m  OK  [0m] Started AppArmor initialization.
         Starting Initial cloud-init job (pre-networking)...
[    7.060180] cloud-init[543]: Cloud-init v. 19.3-41-gc4735dd3-0ubuntu1~18.04.1 running 'init-local' at Mon, 13 Apr 2020 07:09:16 +0000. Up 6.84 seconds.
[[0;32m  OK  [0m] Started Initial cloud-init job (pre-networking).
[[0;32m  OK  [0m] Reached target Network (Pre).
         Starting Network Service...
[[0;32m  OK  [0m] Started Network Service.
         Starting Wait for Network to be Configured...
         Starting Network Name Resolution...
[[0;32m  OK  [0m] Started Network Name Resolution.
[[0;32m  OK  [0m] Reached target Host and Network Name Lookups.
[[0;32m  OK  [0m] Reached target Network.
[[0;32m  OK  [0m] Started Wait for Network to be Configured.
         Starting Initial cloud-init job (metadata service crawler)...
[    9.583853] cloud-init[720]: Cloud-init v. 19.3-41-gc4735dd3-0ubuntu1~18.04.1 running 'init' at Mon, 13 Apr 2020 07:09:19 +0000. Up 9.40 seconds.
[    9.596282] cloud-init[720]: ci-info: ++++++++++++++++++++++++++++++++++++++Net device info+++++++++++++++++++++++++++++++++++++++
[    9.598716] cloud-init[720]: ci-info: +--------+------+-----------------------------+---------------+--------+-------------------+
[    9.600665] cloud-init[720]: ci-info: | Device |  Up  |           Address           |      Mask     | Scope  |     Hw-Address    |
[    9.603326] cloud-init[720]: ci-info: +--------+------+-----------------------------+---------------+--------+-------------------+
[    9.605859] cloud-init[720]: ci-info: | enp0s3 | True |          10.0.2.15          | 255.255.255.0 | global | 02:b7:1f:33:e9:24 |
[    9.608441] cloud-init[720]: ci-info: | enp0s3 | True |  fe80::b7:1fff:fe33:e924/64 |       .       |  link  | 02:b7:1f:33:e9:24 |
[    9.610760] cloud-init[720]: ci-info: | enp0s8 | True |        192.168.33.10        | 255.255.255.0 | global | 08:00:27:48:b5:0e |
[    9.613557] cloud-init[720]: ci-info: | enp0s8 | True | fe80::a00:27ff:fe48:b50e/64 |       .       |  link  | 08:00:27:48:b5:0e |
[    9.616378] cloud-init[720]: ci-info: |   lo   | True |          127.0.0.1          |   255.0.0.0   |  host  |         .         |
[    9.618864] cloud-init[720]: ci-info: |   lo   | True |           ::1/128           |       .       |  host  |         .         |
[    9.620441] cloud-init[720]: ci-info: +--------+------+-----------------------------+---------------+--------+-------------------+
[    9.622574] cloud-init[720]: ci-info: +++++++++++++++++++++++++++++Route IPv4 info+++++++++++++++++++++++++++++
[    9.624768] cloud-init[720]: ci-info: +-------+--------------+----------+-----------------+-----------+-------+
[    9.626692] cloud-init[720]: ci-info: | Route | Destination  | Gateway  |     Genmask     | Interface | Flags |
[    9.636400] cloud-init[720]: ci-info: +-------+--------------+----------+-----------------+-----------+-------+
[    9.638251] cloud-init[720]: ci-info: |   0   |   0.0.0.0    | 10.0.2.2 |     0.0.0.0     |   enp0s3  |   UG  |
[    9.640040] cloud-init[720]: ci-info: |   1   |   10.0.2.0   | 0.0.0.0  |  255.255.255.0  |   enp0s3  |   U   |
[    9.652543] cloud-init[720]: ci-info: |   2   |   10.0.2.2   | 0.0.0.0  | 255.255.255.255 |   enp0s3  |   UH  |
[    9.654486] cloud-init[720]: ci-info: |   3   | 192.168.33.0 | 0.0.0.0  |  255.255.255.0  |   enp0s8  |   U   |
[    9.655777] cloud-init[720]: ci-info: +-------+--------------+----------+-----------------+-----------+-------+
[    9.657037] cloud-init[720]: ci-info: +++++++++++++++++++Route IPv6 info+++++++++++++++++++
[    9.658375] cloud-init[720]: ci-info: +-------+-------------+---------+-----------+-------+
[    9.659780] cloud-init[720]: ci-info: | Route | Destination | Gateway | Interface | Flags |
[    9.661116] cloud-init[720]: ci-info: +-------+-------------+---------+-----------+-------+
[    9.662800] cloud-init[720]: ci-info: |   1   |  fe80::/64  |    ::   |   enp0s8  |   U   |
[    9.676258] cloud-init[720]: ci-info: |   2   |  fe80::/64  |    ::   |   enp0s3  |   U   |
[    9.692505] cloud-init[720]: ci-info: |   4   |    local    |    ::   |   enp0s3  |   U   |
[    9.708344] cloud-init[720]: ci-info: |   5   |    local    |    ::   |   enp0s8  |   U   |
[    9.709564] cloud-init[720]: ci-info: |   6   |   ff00::/8  |    ::   |   enp0s8  |   U   |
[    9.711125] cloud-init[720]: ci-info: |   7   |   ff00::/8  |    ::   |   enp0s3  |   U   |
[    9.712511] cloud-init[720]: ci-info: +-------+-------------+---------+-----------+-------+
[[0;32m  OK  [0m] Started Initial cloud-init job (metadata service crawler).
[[0;32m  OK  [0m] Reached target System Initialization.
[[0;32m  OK  [0m] Started Message of the Day.
[[0;32m  OK  [0m] Started Discard unused blocks once a week.
[[0;32m  OK  [0m] Listening on Open-iSCSI iscsid Socket.
[[0;32m  OK  [0m] Listening on ACPID Listen Socket.
[[0;32m  OK  [0m] Listening on D-Bus System Message Bus Socket.
[[0;32m  OK  [0m] Listening on UUID daemon activation socket.
[[0;32m  OK  [0m] Started Daily apt download activities.
[[0;32m  OK  [0m] Started Daily apt upgrade and clean activities.
[[0;32m  OK  [0m] Started Daily Cleanup of Temporary Directories.
[[0;32m  OK  [0m] Reached target Timers.
         Starting LXD - unix socket.
         Starting Socket activation for snappy daemon.
[[0;32m  OK  [0m] Started ACPI Events Check.
[[0;32m  OK  [0m] Reached target Paths.
[[0;32m  OK  [0m] Reached target Network is Online.
         Starting Availability of block devices...
[[0;32m  OK  [0m] Reached target Remote File Systems (Pre).
[[0;32m  OK  [0m] Reached target Remote File Systems.
[[0;32m  OK  [0m] Reached target Cloud-config availability.
[[0;32m  OK  [0m] Listening on LXD - unix socket.
[[0;32m  OK  [0m] Listening on Socket activation for snappy daemon.
[[0;32m  OK  [0m] Started Availability of block devices.
[[0;32m  OK  [0m] Reached target Sockets.
[[0;32m  OK  [0m] Reached target Basic System.
         Starting LSB: automatic crash report generation...
         Starting Permit User Sessions...
         Starting LSB: Record successful boot for GRUB...
[[0;32m  OK  [0m] Started irqbalance daemon.
         Starting Login Service...
[[0;32m  OK  [0m] Started D-Bus System Message Bus.
         Starting Accounts Service...
         Starting System Logging Service...
         Starting Discard unused blocks...
[[0;32m  OK  [0m] Started Regular background program processing daemon.
         Starting Snappy daemon...
         Starting OpenBSD Secure Shell server...
         Starting Message of the Day...
[[0;32m  OK  [0m] Started Deferred execution scheduler.
[[0;32m  OK  [0m] Started FUSE filesystem for LXC.
         Starting Dispatcher daemon for systemd-networkd...
         Starting vboxadd.service...
         Starting LXD - container startup/shutdown...
[[0;32m  OK  [0m] Started System Logging Service.
[[0;32m  OK  [0m] Started Permit User Sessions.
[[0;32m  OK  [0m] Started Discard unused blocks.
[[0;32m  OK  [0m] Started OpenBSD Secure Shell server.
[[0;32m  OK  [0m] Started Login Service.
         Starting Authorization Manager...
[[0;32m  OK  [0m] Started Unattended Upgrades Shutdown.
         Starting Hold until boot process finishes up...
         Starting Terminate Plymouth Boot Screen...
[[0;32m  OK  [0m] Started Hold until boot process finishes up.
[[0;32m  OK  [0m] Started Serial Getty on ttyS0.
         Starting Set console scheme...
[[0;32m  OK  [0m] Started Terminate Plymouth Boot Screen.
[[0;32m  OK  [0m] Started Set console scheme.
[[0;32m  OK  [0m] Created slice system-getty.slice.
[[0;32m  OK  [0m] Started Getty on tty1.
[[0;32m  OK  [0m] Reached target Login Prompts.
[[0;32m  OK  [0m] Started LSB: automatic crash report generation.
[[0;32m  OK  [0m] Started Authorization Manager.
[[0;32m  OK  [0m] Started Accounts Service.
[[0;32m  OK  [0m] Started LSB: Record successful boot for GRUB.
[[0;32m  OK  [0m] Started LXD - container startup/shutdown.
[[0;32m  OK  [0m] Started Dispatcher daemon for systemd-networkd.
[[0;32m  OK  [0m] Started Snappy daemon.
         Starting Wait until snapd is fully seeded...
[[0;32m  OK  [0m] Started Wait until snapd is fully seeded.
         Starting Apply the settings specified in cloud-config...
[[0;32m  OK  [0m] Created slice User Slice of vagrant.
         Starting User Manager for UID 1000...
[[0;32m  OK  [0m] Started Session 1 of user vagrant.
[[0;32m  OK  [0m] Started User Manager for UID 1000.
[[0;32m  OK  [0m] Started vboxadd.service.
         Starting vboxadd-service.service...
[[0;32m  OK  [0m] Started vboxadd-service.service.
[[0;32m  OK  [0m] Reached target Multi-User System.
[[0;32m  OK  [0m] Reached target Graphical Interface.
         Starting Update UTMP about System Runlevel Changes...
[[0;32m  OK  [0m] Started Update UTMP about System Runlevel Changes.
[   12.255888] cloud-init[1166]: Cloud-init v. 19.3-41-gc4735dd3-0ubuntu1~18.04.1 running 'modules:config' at Mon, 13 Apr 2020 07:09:21 +0000. Up 11.97 seconds.
[[0;32m  OK  [0m] Started Apply the settings specified in cloud-config.
         Starting Execute cloud user/final scripts...
[[0;32m  OK  [0m] Started Message of the Day.
[   12.999472] cloud-init[1361]: Cloud-init v. 19.3-41-gc4735dd3-0ubuntu1~18.04.1 running 'modules:final' at Mon, 13 Apr 2020 07:09:22 +0000. Up 12.85 seconds.
[   13.002538] cloud-init[1361]: Cloud-init v. 19.3-41-gc4735dd3-0ubuntu1~18.04.1 finished at Mon, 13 Apr 2020 07:09:22 +0000. Datasource DataSourceNoCloud [seed=/dev/sdb][dsmode=net].  Up 12.99 seconds
[[0;32m  OK  [0m] Started Execute cloud user/final scripts.
[[0;32m  OK  [0m] Reached target Cloud-init target.

Ubuntu 18.04.3 LTS ubuntu-bionic ttyS0

ubuntu-bionic login: [[0;32m  OK  [0m] Closed Load/Save RF Kill Switch Status /dev/rfkill Watch.
         Stopping Authorization Manager...
         Stopping Availability of block devices...
         Stopping Session 5 of user vagrant.
[[0;32m  OK  [0m] Stopped target Timers.
[[0;32m  OK  [0m] Stopped Daily apt upgrade and clean activities.
[[0;32m  OK  [0m] Stopped Daily apt download activities.
[[0;32m  OK  [0m] Stopped Message of the Day.
[[0;32m  OK  [0m] Stopped Discard unused blocks once a week.
[[0;32m  OK  [0m] Stopped target System Time Synchronized.
[[0;32m  OK  [0m] Stopped target Graphical Interface.
         Stopping Accounts Service...
[[0;32m  OK  [0m] Stopped target Host and Network Name Lookups.
[[0;32m  OK  [0m] Stopped Daily Cleanup of Temporary Directories.
         Stopping User Manager for UID 1000...
[[0;32m  OK  [0m] Stopped target Cloud-init target.
[[0;32m  OK  [0m] Stopped Execute cloud user/final scripts.
[[0;32m  OK  [0m] Stopped target Multi-User System.
         Stopping OpenBSD Secure Shell server...
         Stopping System Logging Service...
         Stopping Unattended Upgrades Shutdown...
         Stopping LXD - container startup/shutdown...
         Stopping Deferred execution scheduler...
         Stopping Regular background program processing daemon...
         Stopping D-Bus System Message Bus...
         Stopping vboxadd-service.service...
         Stopping LSB: automatic crash report generation...
         Stopping irqbalance daemon...
[[0;32m  OK  [0m] Stopped target Login Prompts.
         Stopping Serial Getty on ttyS0...
         Stopping Getty on tty1...
         Stopping LSB: Record successful boot for GRUB...
         Stopping Dispatcher daemon for systemd-networkd...
[[0;32m  OK  [0m] Stopped Apply the settings specified in cloud-config.
[[0;32m  OK  [0m] Stopped Wait until snapd is fully seeded.
[[0;32m  OK  [0m] Stopped target Cloud-config availability.
[[0;32m  OK  [0m] Stopped target Network is Online.
         Stopping FUSE filesystem for LXC...
[[0;32m  OK  [0m] Stopped irqbalance daemon.
[[0;32m  OK  [0m] Unmounted /var/lib/lxcfs.
[[0;32m  OK  [0m] Stopped Accounts Service.
[[0;32m  OK  [0m] Stopped System Logging Service.
[[0;32m  OK  [0m] Stopped Regular background program processing daemon.
[[0;32m  OK  [0m] Stopped Deferred execution scheduler.
[[0;32m  OK  [0m] Stopped Dispatcher daemon for systemd-networkd.
[[0;32m  OK  [0m] Stopped OpenBSD Secure Shell server.
[[0;32m  OK  [0m] Stopped Authorization Manager.
[[0;32m  OK  [0m] Stopped Serial Getty on ttyS0.
[[0;32m  OK  [0m] Stopped Getty on tty1.
[[0;32m  OK  [0m] Stopped User Manager for UID 1000.
[[0;32m  OK  [0m] Stopped Availability of block devices.
[[0;32m  OK  [0m] Stopped D-Bus System Message Bus.
[[0;32m  OK  [0m] Stopped vboxadd-service.service.
[[0;32m  OK  [0m] Stopped Unattended Upgrades Shutdown.
[[0;32m  OK  [0m] Stopped Session 5 of user vagrant.
[[0;32m  OK  [0m] Stopped LXD - container startup/shutdown.
[[0;32m  OK  [0m] Stopped FUSE filesystem for LXC.
[[0;32m  OK  [0m] Stopped LSB: automatic crash report generation.
         Stopping vboxadd.service...
[[0;32m  OK  [0m] Removed slice User Slice of vagrant.
         Stopping Login Service...
[[0;32m  OK  [0m] Removed slice system-getty.slice.
[[0;32m  OK  [0m] Removed slice system-serial\x2dgetty.slice.
         Stopping Permit User Sessions...
[[0;32m  OK  [0m] Stopped LSB: Record successful boot for GRUB.
[[0;32m  OK  [0m] Stopped Permit User Sessions.
[[0;32m  OK  [0m] Stopped target Network.
         Stopping Network Name Resolution...
[[0;32m  OK  [0m] Stopped target Remote File Systems.
[[0;32m  OK  [0m] Stopped target Remote File Systems (Pre).
[[0;32m  OK  [0m] Stopped Network Name Resolution.
         Stopping Network Service...
[[0;32m  OK  [0m] Unmounted /vagrant.
[[0;32m  OK  [0m] Stopped vboxadd.service.
[[0;32m  OK  [0m] Stopped Login Service.
[[0;32m  OK  [0m] Stopped target User and Group Name Lookups.
[[0;32m  OK  [0m] Stopped target Basic System.
[[0;32m  OK  [0m] Stopped target Paths.
[[0;32m  OK  [0m] Stopped ACPI Events Check.
[[0;32m  OK  [0m] Stopped target Sockets.
[[0;32m  OK  [0m] Closed LXD - unix socket.
[[0;32m  OK  [0m] Closed UUID daemon activation socket.
[[0;32m  OK  [0m] Closed Socket activation for snappy daemon.
[[0;32m  OK  [0m] Closed Syslog Socket.
[[0;32m  OK  [0m] Closed ACPID Listen Socket.
[[0;32m  OK  [0m] Closed Open-iSCSI iscsid Socket.
[[0;32m  OK  [0m] Stopped target Slices.
[[0;32m  OK  [0m] Closed D-Bus System Message Bus Socket.
[[0;32m  OK  [0m] Stopped target System Initialization.
         Stopping Update UTMP about System Boot/Shutdown...
         Stopping Load/Save Random Seed...
[[0;32m  OK  [0m] Stopped target Local Encrypted Volumes.
[[0;32m  OK  [0m] Stopped Dispatch Password Requests to Console Directory Watch.
[[0;32m  OK  [0m] Stopped Forward Password Requests to Wall Directory Watch.
[[0;32m  OK  [0m] Stopped Initial cloud-init job (metadata service crawler).
[[0;32m  OK  [0m] Removed slice User and Session Slice.
[[0;32m  OK  [0m] Stopped Network Service.
[[0;32m  OK  [0m] Stopped Load/Save Random Seed.
[[0;32m  OK  [0m] Stopped Apply Kernel Variables.
[[0;32m  OK  [0m] Stopped Load Kernel Modules.
[[0;32m  OK  [0m] Stopped target Network (Pre).
[[0;32m  OK  [0m] Stopped Initial cloud-init job (pre-networking).
[[0;32m  OK  [0m] Stopped Update UTMP about System Boot/Shutdown.
[[0;32m  OK  [0m] Stopped Create Volatile Files and Directories.
[[0;32m  OK  [0m] Stopped target Local File Systems.
         Unmounting /run/user/1000...
[[0;32m  OK  [0m] Unmounted /run/user/1000.
[[0;32m  OK  [0m] Reached target Unmount All Filesystems.
[[0;32m  OK  [0m] Stopped target Local File Systems (Pre).
[[0;32m  OK  [0m] Stopped Remount Root and Kernel File Systems.
         Stopping Monitoring of LVM2 mirrors…ng dmeventd or progress polling...
[[0;32m  OK  [0m] Stopped Create Static Device Nodes in /dev.
[[0;32m  OK  [0m] Stopped target Swap.
[[0;32m  OK  [0m] Reached target Shutdown.
[[0;32m  OK  [0m] Reached target Final Step.
         Starting Power-Off...
[[0;32m  OK  [0m] Stopped Monitoring of LVM2 mirrors,…sing dmeventd or progress polling.
         Stopping LVM2 metadata daemon...
[[0;32m  OK  [0m] Stopped LVM2 metadata daemon.
[  216.922619] reboot: Power down
